draggablepanel/build/outputs/logs/manifest-merger-debug-report.txt
-- Merging decision tree log ---
manifest
ADDED from MyYoutube/draggablepanel/AndroidManifest.xml:2:1-7:12
INJECTED from MyYoutube/draggablepanel/AndroidManifest.xml:2:1-7:12
INJECTED from MyYoutube/draggablepanel/AndroidManifest.xml:2:1-7:12
INJECTED from MyYoutube/draggablepanel/AndroidManifest.xml:2:1-7:12
INJECTED from MyYoutube/draggablepanel/AndroidManifest.xml:2:1-7:12
INJECTED from MyYoutube/draggablepanel/AndroidManifest.xml:2:1-7:12
INJECTED from MyYoutube/draggablepanel/AndroidManifest.xml:2:1-7:12
	package
		ADDED from MyYoutube/draggablepanel/AndroidManifest.xml:3:5-34
		INJECTED from MyYoutube/draggablepanel/AndroidManifest.xml
		INJECTED from MyYoutube/draggablepanel/AndroidManifest.xml
	android:versionName
		INJECTED from MyYoutube/draggablepanel/AndroidManifest.xml
		ADDED from MyYoutube/draggablepanel/AndroidManifest.xml:2:1-7:12
		INJECTED from MyYoutube/draggablepanel/AndroidManifest.xml
	android:versionCode
		INJECTED from MyYoutube/draggablepanel/AndroidManifest.xml
		ADDED from MyYoutube/draggablepanel/AndroidManifest.xml:2:1-7:12
		INJECTED from MyYoutube/draggablepanel/AndroidManifest.xml
	xmlns:android
		ADDED from MyYoutube/draggablepanel/AndroidManifest.xml:2:11-69
uses-sdk
ADDED from MyYoutube/draggablepanel/AndroidManifest.xml:5:3-44
INJECTED from MyYoutube/draggablepanel/AndroidManifest.xml:5:3-44
INJECTED from MyYoutube/draggablepanel/AndroidManifest.xml:5:3-44
INJECTED from MyYoutube/draggablepanel/AndroidManifest.xml:5:3-44
INJECTED from MyYoutube/draggablepanel/AndroidManifest.xml:5:3-44
	android:targetSdkVersion
		ADDED from MyYoutube/draggablepanel/AndroidManifest.xml:5:13-42
		INJECTED from MyYoutube/draggablepanel/AndroidManifest.xml
		INJECTED from MyYoutube/draggablepanel/AndroidManifest.xml
	android:minSdkVersion
		INJECTED from MyYoutube/draggablepanel/AndroidManifest.xml
		ADDED from MyYoutube/draggablepanel/AndroidManifest.xml:5:3-44
		INJECTED from MyYoutube/draggablepanel/AndroidManifest.xml